<?xml version="1.0" encoding="utf-8"?>
<coverage line-rate="0.909" branch-rate="0.8332999999999999" version="1.9" timestamp="1744903510" lines-covered="100" lines-valid="110" branches-covered="40" branches-valid="48">
  <sources>
    <source>D:\Projects\univer\tpo\lr1_tpo\</source>
  </sources>
  <packages>
    <package name="lr1_tpo" line-rate="0.909" branch-rate="0.8332999999999999" complexity="53">
      <classes>
        <class name="lr1_tpo.Program" filename="Program.cs" line-rate="0" branch-rate="1" complexity="1">
          <methods>
            <method name="Main" signature="(System.String[])" line-rate="0" branch-rate="1" complexity="1">
              <lines>
                <line number="13" hits="0" branch="False" />
                <line number="14" hits="0" branch="False" />
              </lines>
            </method>
          </methods>
          <lines>
            <line number="13" hits="0" branch="False" />
            <line number="14" hits="0" branch="False" />
          </lines>
        </class>
        <class name="BTreeSelectionAlgorithm.BTreeNode`1" filename="Btree.cs" line-rate="1" branch-rate="1" complexity="3">
          <methods>
            <method name="get_Keys" signature="()" line-rate="1" branch-rate="1" complexity="1">
              <lines>
                <line number="10" hits="266066" branch="False" />
              </lines>
            </method>
            <method name="get_Children" signature="()" line-rate="1" branch-rate="1" complexity="1">
              <lines>
                <line number="11" hits="225539" branch="False" />
              </lines>
            </method>
            <method name="get_IsLeaf" signature="()" line-rate="1" branch-rate="1" complexity="1">
              <lines>
                <line number="12" hits="78699" branch="False" />
              </lines>
            </method>
          </methods>
          <lines>
            <line number="10" hits="266066" branch="False" />
            <line number="11" hits="225539" branch="False" />
            <line number="12" hits="78699" branch="False" />
          </lines>
        </class>
        <class name="BTreeSelectionAlgorithm.BTree`1" filename="Btree.cs" line-rate="0.9027" branch-rate="0.8" complexity="31">
          <methods>
            <method name="Build" signature="(System.Collections.Generic.IEnumerable`1&lt;T&gt;)" line-rate="0.875" branch-rate="0.75" complexity="4">
              <lines>
                <line number="31" hits="11" branch="False" />
                <line number="32" hits="11" branch="True" condition-coverage="50% (1/2)">
                  <conditions>
                    <condition number="7" type="jump" coverage="50%" />
                  </conditions>
                </line>
                <line number="33" hits="0" branch="False" />
                <line number="35" hits="20299" branch="True" condition-coverage="100% (2/2)">
                  <conditions>
                    <condition number="53" type="jump" coverage="100%" />
                  </conditions>
                </line>
                <line number="36" hits="10133" branch="False" />
                <line number="37" hits="10133" branch="False" />
                <line number="38" hits="10133" branch="False" />
                <line number="39" hits="11" branch="False" />
              </lines>
            </method>
            <method name="Insert" signature="(T)" line-rate="1" branch-rate="1" complexity="2">
              <lines>
                <line number="43" hits="10133" branch="False" />
                <line number="44" hits="10133" branch="False" />
                <line number="45" hits="10133" branch="True" condition-coverage="100% (2/2)">
                  <conditions>
                    <condition number="33" type="jump" coverage="100%" />
                  </conditions>
                </line>
                <line number="46" hits="8" branch="False" />
                <line number="47" hits="8" branch="False" />
                <line number="48" hits="8" branch="False" />
                <line number="49" hits="8" branch="False" />
                <line number="50" hits="8" branch="False" />
                <line number="51" hits="8" branch="False" />
                <line number="52" hits="8" branch="False" />
                <line number="54" hits="10125" branch="False" />
                <line number="55" hits="10125" branch="False" />
                <line number="56" hits="10125" branch="False" />
                <line number="57" hits="10133" branch="False" />
              </lines>
            </method>
            <method name="InsertNonFull" signature="(BTreeSelectionAlgorithm.BTreeNode`1&lt;T&gt;,T)" line-rate="0.7777" branch-rate="0.75" complexity="20">
              <lines>
                <line number="61" hits="73566" branch="False" />
                <line number="62" hits="73566" branch="False" />
                <line number="63" hits="73566" branch="True" condition-coverage="100% (2/2)">
                  <conditions>
                    <condition number="23" type="jump" coverage="100%" />
                  </conditions>
                </line>
                <line number="64" hits="10133" branch="False" />
                <line number="65" hits="10133" branch="True" condition-coverage="83.33% (5/6)">
                  <conditions>
                    <condition number="95" type="jump" coverage="50%" />
                    <condition number="36" type="jump" coverage="100%" />
                    <condition number="54" type="jump" coverage="100%" />
                  </conditions>
                </line>
                <line number="66" hits="0" branch="False" />
                <line number="67" hits="0" branch="False" />
                <line number="68" hits="0" branch="False" />
                <line number="69" hits="10133" branch="False" />
                <line number="70" hits="10133" branch="False" />
                <line number="72" hits="63433" branch="False" />
                <line number="73" hits="63433" branch="True" condition-coverage="50% (3/6)">
                  <conditions>
                    <condition number="191" type="jump" coverage="50%" />
                    <condition number="130" type="jump" coverage="50%" />
                    <condition number="148" type="jump" coverage="50%" />
                  </conditions>
                </line>
                <line number="74" hits="0" branch="False" />
                <line number="75" hits="0" branch="False" />
                <line number="76" hits="0" branch="False" />
                <line number="77" hits="63433" branch="False" />
                <line number="78" hits="63433" branch="True" condition-coverage="100% (2/2)">
                  <conditions>
                    <condition number="235" type="jump" coverage="100%" />
                  </conditions>
                </line>
                <line number="79" hits="4982" branch="False" />
                <line number="80" hits="4982" branch="False" />
                <line number="81" hits="4982" branch="True" condition-coverage="75% (3/4)">
                  <conditions>
                    <condition number="263" type="jump" coverage="50%" />
                    <condition number="303" type="jump" coverage="100%" />
                  </conditions>
                </line>
                <line number="82" hits="4982" branch="False" />
                <line number="83" hits="4982" branch="False" />
                <line number="84" hits="4982" branch="False" />
                <line number="85" hits="4982" branch="False" />
                <line number="86" hits="63433" branch="False" />
                <line number="87" hits="63433" branch="False" />
                <line number="88" hits="73566" branch="False" />
              </lines>
            </method>
            <method name="SplitChild" signature="(BTreeSelectionAlgorithm.BTreeNode`1&lt;T&gt;,System.Int32)" line-rate="1" branch-rate="1" complexity="2">
              <lines>
                <line number="92" hits="4990" branch="False" />
                <line number="93" hits="4990" branch="False" />
                <line number="94" hits="4990" branch="False" />
                <line number="95" hits="4990" branch="False" />
                <line number="96" hits="4990" branch="False" />
                <line number="98" hits="4990" branch="False" />
                <line number="99" hits="4990" branch="False" />
                <line number="101" hits="4990" branch="True" condition-coverage="100% (2/2)">
                  <conditions>
                    <condition number="142" type="jump" coverage="100%" />
                  </conditions>
                </line>
                <line number="102" hits="1656" branch="False" />
                <line number="103" hits="1656" branch="False" />
                <line number="104" hits="1656" branch="False" />
                <line number="105" hits="1656" branch="False" />
                <line number="106" hits="4990" branch="False" />
              </lines>
            </method>
            <method name="Select" signature="(System.Func`2&lt;T,System.Boolean&gt;)" line-rate="1" branch-rate="1" complexity="1">
              <lines>
                <line number="110" hits="10" branch="False" />
                <line number="111" hits="10" branch="False" />
                <line number="112" hits="10" branch="False" />
              </lines>
            </method>
            <method name=".ctor" signature="(System.Int32)" line-rate="1" branch-rate="1" complexity="2">
              <lines>
                <line number="21" hits="18" branch="False" />
                <line number="22" hits="18" branch="False" />
                <line number="23" hits="18" branch="True" condition-coverage="100% (2/2)">
                  <conditions>
                    <condition number="14" type="jump" coverage="100%" />
                  </conditions>
                </line>
                <line number="24" hits="1" branch="False" />
                <line number="25" hits="17" branch="False" />
                <line number="26" hits="17" branch="False" />
                <line number="27" hits="17" branch="False" />
              </lines>
            </method>
          </methods>
          <lines>
            <line number="31" hits="11" branch="False" />
            <line number="32" hits="11" branch="True" condition-coverage="50% (1/2)">
              <conditions>
                <condition number="7" type="jump" coverage="50%" />
              </conditions>
            </line>
            <line number="33" hits="0" branch="False" />
            <line number="35" hits="20299" branch="True" condition-coverage="100% (2/2)">
              <conditions>
                <condition number="53" type="jump" coverage="100%" />
              </conditions>
            </line>
            <line number="36" hits="10133" branch="False" />
            <line number="37" hits="10133" branch="False" />
            <line number="38" hits="10133" branch="False" />
            <line number="39" hits="11" branch="False" />
            <line number="43" hits="10133" branch="False" />
            <line number="44" hits="10133" branch="False" />
            <line number="45" hits="10133" branch="True" condition-coverage="100% (2/2)">
              <conditions>
                <condition number="33" type="jump" coverage="100%" />
              </conditions>
            </line>
            <line number="46" hits="8" branch="False" />
            <line number="47" hits="8" branch="False" />
            <line number="48" hits="8" branch="False" />
            <line number="49" hits="8" branch="False" />
            <line number="50" hits="8" branch="False" />
            <line number="51" hits="8" branch="False" />
            <line number="52" hits="8" branch="False" />
            <line number="54" hits="10125" branch="False" />
            <line number="55" hits="10125" branch="False" />
            <line number="56" hits="10125" branch="False" />
            <line number="57" hits="10133" branch="False" />
            <line number="61" hits="73566" branch="False" />
            <line number="62" hits="73566" branch="False" />
            <line number="63" hits="73566" branch="True" condition-coverage="100% (2/2)">
              <conditions>
                <condition number="23" type="jump" coverage="100%" />
              </conditions>
            </line>
            <line number="64" hits="10133" branch="False" />
            <line number="65" hits="10133" branch="True" condition-coverage="83.33% (5/6)">
              <conditions>
                <condition number="95" type="jump" coverage="50%" />
                <condition number="36" type="jump" coverage="100%" />
                <condition number="54" type="jump" coverage="100%" />
              </conditions>
            </line>
            <line number="66" hits="0" branch="False" />
            <line number="67" hits="0" branch="False" />
            <line number="68" hits="0" branch="False" />
            <line number="69" hits="10133" branch="False" />
            <line number="70" hits="10133" branch="False" />
            <line number="72" hits="63433" branch="False" />
            <line number="73" hits="63433" branch="True" condition-coverage="50% (3/6)">
              <conditions>
                <condition number="191" type="jump" coverage="50%" />
                <condition number="130" type="jump" coverage="50%" />
                <condition number="148" type="jump" coverage="50%" />
              </conditions>
            </line>
            <line number="74" hits="0" branch="False" />
            <line number="75" hits="0" branch="False" />
            <line number="76" hits="0" branch="False" />
            <line number="77" hits="63433" branch="False" />
            <line number="78" hits="63433" branch="True" condition-coverage="100% (2/2)">
              <conditions>
                <condition number="235" type="jump" coverage="100%" />
              </conditions>
            </line>
            <line number="79" hits="4982" branch="False" />
            <line number="80" hits="4982" branch="False" />
            <line number="81" hits="4982" branch="True" condition-coverage="75% (3/4)">
              <conditions>
                <condition number="263" type="jump" coverage="50%" />
                <condition number="303" type="jump" coverage="100%" />
              </conditions>
            </line>
            <line number="82" hits="4982" branch="False" />
            <line number="83" hits="4982" branch="False" />
            <line number="84" hits="4982" branch="False" />
            <line number="85" hits="4982" branch="False" />
            <line number="86" hits="63433" branch="False" />
            <line number="87" hits="63433" branch="False" />
            <line number="88" hits="73566" branch="False" />
            <line number="92" hits="4990" branch="False" />
            <line number="93" hits="4990" branch="False" />
            <line number="94" hits="4990" branch="False" />
            <line number="95" hits="4990" branch="False" />
            <line number="96" hits="4990" branch="False" />
            <line number="98" hits="4990" branch="False" />
            <line number="99" hits="4990" branch="False" />
            <line number="101" hits="4990" branch="True" condition-coverage="100% (2/2)">
              <conditions>
                <condition number="142" type="jump" coverage="100%" />
              </conditions>
            </line>
            <line number="102" hits="1656" branch="False" />
            <line number="103" hits="1656" branch="False" />
            <line number="104" hits="1656" branch="False" />
            <line number="105" hits="1656" branch="False" />
            <line number="106" hits="4990" branch="False" />
            <line number="110" hits="10" branch="False" />
            <line number="111" hits="10" branch="False" />
            <line number="112" hits="10" branch="False" />
            <line number="21" hits="18" branch="False" />
            <line number="22" hits="18" branch="False" />
            <line number="23" hits="18" branch="True" condition-coverage="100% (2/2)">
              <conditions>
                <condition number="14" type="jump" coverage="100%" />
              </conditions>
            </line>
            <line number="24" hits="1" branch="False" />
            <line number="25" hits="17" branch="False" />
            <line number="26" hits="17" branch="False" />
            <line number="27" hits="17" branch="False" />
          </lines>
        </class>
        <class name="BTreeSelectionAlgorithm.BTree`1/&lt;SelectInternal&gt;d__8" filename="Btree.cs" line-rate="1" branch-rate="0.9285" complexity="14">
          <methods>
            <method name="MoveNext" signature="()" line-rate="1" branch-rate="0.9285" complexity="14">
              <lines>
                <line number="115" hits="13" branch="False" />
                <line number="116" hits="13" branch="True" condition-coverage="50% (1/2)">
                  <conditions>
                    <condition number="74" type="jump" coverage="50%" />
                  </conditions>
                </line>
                <line number="118" hits="286" branch="True" condition-coverage="100% (2/2)">
                  <conditions>
                    <condition number="409" type="jump" coverage="100%" />
                  </conditions>
                </line>
                <line number="119" hits="130" branch="False" />
                <line number="120" hits="130" branch="True" condition-coverage="100% (2/2)">
                  <conditions>
                    <condition number="112" type="jump" coverage="100%" />
                  </conditions>
                </line>
                <line number="121" hits="2" branch="False" />
                <line number="122" hits="10" branch="True" condition-coverage="100% (2/2)">
                  <conditions>
                    <condition number="255" type="jump" coverage="100%" />
                  </conditions>
                </line>
                <line number="123" hits="2" branch="False" />
                <line number="124" hits="2" branch="False" />
                <line number="125" hits="2" branch="False" />
                <line number="126" hits="2" branch="False" />
                <line number="128" hits="130" branch="True" condition-coverage="100% (2/2)">
                  <conditions>
                    <condition number="309" type="jump" coverage="100%" />
                  </conditions>
                </line>
                <line number="129" hits="25" branch="False" />
                <line number="130" hits="25" branch="False" />
                <line number="131" hits="25" branch="False" />
                <line number="132" hits="130" branch="False" />
                <line number="134" hits="13" branch="True" condition-coverage="100% (2/2)">
                  <conditions>
                    <condition number="432" type="jump" coverage="100%" />
                  </conditions>
                </line>
                <line number="135" hits="1" branch="False" />
                <line number="136" hits="7" branch="True" condition-coverage="100% (2/2)">
                  <conditions>
                    <condition number="566" type="jump" coverage="100%" />
                  </conditions>
                </line>
                <line number="137" hits="2" branch="False" />
                <line number="138" hits="2" branch="False" />
                <line number="139" hits="2" branch="False" />
                <line number="140" hits="1" branch="False" />
                <line number="141" hits="13" branch="False" />
              </lines>
            </method>
          </methods>
          <lines>
            <line number="115" hits="13" branch="False" />
            <line number="116" hits="13" branch="True" condition-coverage="50% (1/2)">
              <conditions>
                <condition number="74" type="jump" coverage="50%" />
              </conditions>
            </line>
            <line number="118" hits="286" branch="True" condition-coverage="100% (2/2)">
              <conditions>
                <condition number="409" type="jump" coverage="100%" />
              </conditions>
            </line>
            <line number="119" hits="130" branch="False" />
            <line number="120" hits="130" branch="True" condition-coverage="100% (2/2)">
              <conditions>
                <condition number="112" type="jump" coverage="100%" />
              </conditions>
            </line>
            <line number="121" hits="2" branch="False" />
            <line number="122" hits="10" branch="True" condition-coverage="100% (2/2)">
              <conditions>
                <condition number="255" type="jump" coverage="100%" />
              </conditions>
            </line>
            <line number="123" hits="2" branch="False" />
            <line number="124" hits="2" branch="False" />
            <line number="125" hits="2" branch="False" />
            <line number="126" hits="2" branch="False" />
            <line number="128" hits="130" branch="True" condition-coverage="100% (2/2)">
              <conditions>
                <condition number="309" type="jump" coverage="100%" />
              </conditions>
            </line>
            <line number="129" hits="25" branch="False" />
            <line number="130" hits="25" branch="False" />
            <line number="131" hits="25" branch="False" />
            <line number="132" hits="130" branch="False" />
            <line number="134" hits="13" branch="True" condition-coverage="100% (2/2)">
              <conditions>
                <condition number="432" type="jump" coverage="100%" />
              </conditions>
            </line>
            <line number="135" hits="1" branch="False" />
            <line number="136" hits="7" branch="True" condition-coverage="100% (2/2)">
              <conditions>
                <condition number="566" type="jump" coverage="100%" />
              </conditions>
            </line>
            <line number="137" hits="2" branch="False" />
            <line number="138" hits="2" branch="False" />
            <line number="139" hits="2" branch="False" />
            <line number="140" hits="1" branch="False" />
            <line number="141" hits="13" branch="False" />
          </lines>
        </class>
        <class name="BTreeSelectionAlgorithm.SelectionAlgorithm" filename="Btree.cs" line-rate="0.8887999999999999" branch-rate="0.75" complexity="4">
          <methods>
            <method name="Select" signature="(System.Collections.Generic.IEnumerable`1&lt;T&gt;,System.Func`2&lt;T,System.Boolean&gt;)" line-rate="0.8887999999999999" branch-rate="0.75" complexity="4">
              <lines>
                <line number="147" hits="4" branch="False" />
                <line number="148" hits="4" branch="True" condition-coverage="100% (2/2)">
                  <conditions>
                    <condition number="7" type="jump" coverage="100%" />
                  </conditions>
                </line>
                <line number="149" hits="1" branch="False" />
                <line number="150" hits="3" branch="True" condition-coverage="50% (1/2)">
                  <conditions>
                    <condition number="26" type="jump" coverage="50%" />
                  </conditions>
                </line>
                <line number="151" hits="0" branch="False" />
                <line number="154" hits="3" branch="False" />
                <line number="155" hits="3" branch="False" />
                <line number="156" hits="3" branch="False" />
                <line number="157" hits="3" branch="False" />
              </lines>
            </method>
          </methods>
          <lines>
            <line number="147" hits="4" branch="False" />
            <line number="148" hits="4" branch="True" condition-coverage="100% (2/2)">
              <conditions>
                <condition number="7" type="jump" coverage="100%" />
              </conditions>
            </line>
            <line number="149" hits="1" branch="False" />
            <line number="150" hits="3" branch="True" condition-coverage="50% (1/2)">
              <conditions>
                <condition number="26" type="jump" coverage="50%" />
              </conditions>
            </line>
            <line number="151" hits="0" branch="False" />
            <line number="154" hits="3" branch="False" />
            <line number="155" hits="3" branch="False" />
            <line number="156" hits="3" branch="False" />
            <line number="157" hits="3" branch="False" />
          </lines>
        </class>
      </classes>
    </package>
  </packages>
</coverage>